{"/Users/Shared/cursor-auto-load/github-api-module/mjs/git/cli.mjs": {"path":"/Users/Shared/cursor-auto-load/github-api-module/mjs/git/cli.mjs","statementMap":{"0":{"start":{"line":12,"column":0},"end":{"line":12,"column":9}},"1":{"start":{"line":14,"column":15},"end":{"line":17,"column":2}},"2":{"start":{"line":19,"column":0},"end":{"line":24,"column":78}},"3":{"start":{"line":27,"column":16},"end":{"line":27,"column":71}},"4":{"start":{"line":28,"column":0},"end":{"line":28,"column":43}},"5":{"start":{"line":31,"column":18},"end":{"line":31,"column":77}},"6":{"start":{"line":32,"column":0},"end":{"line":32,"column":47}},"7":{"start":{"line":35,"column":15},"end":{"line":35,"column":74}},"8":{"start":{"line":36,"column":0},"end":{"line":36,"column":41}},"9":{"start":{"line":39,"column":15},"end":{"line":39,"column":68}},"10":{"start":{"line":40,"column":0},"end":{"line":40,"column":41}},"11":{"start":{"line":43,"column":16},"end":{"line":43,"column":71}},"12":{"start":{"line":44,"column":0},"end":{"line":44,"column":43}},"13":{"start":{"line":46,"column":0},"end":{"line":46,"column":16}}},"fnMap":{},"branchMap":{"0":{"loc":{"start":{"line":16,"column":11},"end":{"line":16,"column":65}},"type":"binary-expr","locations":[{"start":{"line":16,"column":11},"end":{"line":16,"column":37}},{"start":{"line":16,"column":41},"end":{"line":16,"column":65}}],"line":16}},"s":{"0":8,"1":8,"2":8,"3":8,"4":8,"5":8,"6":8,"7":8,"8":8,"9":8,"10":8,"11":8,"12":8,"13":8},"f":{},"b":{"0":[8,7]},"inputSourceMap":null,"_coverageSchema":"1a1c01bbd47fc00a2c39e90264f33305004495a9","hash":"ab38f1a55c55653b2e87bfe0627f1e64af7524e6"}
,"/Users/Shared/cursor-auto-load/github-api-module/mjs/git/index.mjs": {"path":"/Users/Shared/cursor-auto-load/github-api-module/mjs/git/index.mjs","statementMap":{},"fnMap":{},"branchMap":{},"s":{},"f":{},"b":{},"inputSourceMap":null,"_coverageSchema":"1a1c01bbd47fc00a2c39e90264f33305004495a9","hash":"e189fecb6deb0428734ed4e61a08323374f76f47"}
,"/Users/Shared/cursor-auto-load/github-api-module/mjs/git/commands/blob.mjs": {"path":"/Users/Shared/cursor-auto-load/github-api-module/mjs/git/commands/blob.mjs","statementMap":{"0":{"start":{"line":6,"column":4},"end":{"line":6,"column":25}},"1":{"start":{"line":10,"column":4},"end":{"line":48,"column":9}},"2":{"start":{"line":20,"column":8},"end":{"line":47,"column":9}},"3":{"start":{"line":21,"column":24},"end":{"line":21,"column":39}},"4":{"start":{"line":23,"column":10},"end":{"line":30,"column":11}},"5":{"start":{"line":24,"column":27},"end":{"line":24,"column":58}},"6":{"start":{"line":25,"column":12},"end":{"line":29,"column":13}},"7":{"start":{"line":26,"column":14},"end":{"line":26,"column":50}},"8":{"start":{"line":28,"column":14},"end":{"line":28,"column":49}},"9":{"start":{"line":32,"column":10},"end":{"line":34,"column":11}},"10":{"start":{"line":33,"column":12},"end":{"line":33,"column":75}},"11":{"start":{"line":36,"column":25},"end":{"line":41,"column":11}},"12":{"start":{"line":43,"column":10},"end":{"line":43,"column":45}},"13":{"start":{"line":45,"column":10},"end":{"line":45,"column":63}},"14":{"start":{"line":46,"column":10},"end":{"line":46,"column":26}},"15":{"start":{"line":50,"column":4},"end":{"line":80,"column":9}},"16":{"start":{"line":59,"column":8},"end":{"line":79,"column":9}},"17":{"start":{"line":60,"column":25},"end":{"line":64,"column":11}},"18":{"start":{"line":66,"column":10},"end":{"line":75,"column":11}},"19":{"start":{"line":67,"column":26},"end":{"line":67,"column":40}},"20":{"start":{"line":68,"column":12},"end":{"line":70,"column":13}},"21":{"start":{"line":69,"column":14},"end":{"line":69,"column":55}},"22":{"start":{"line":71,"column":12},"end":{"line":71,"column":54}},"23":{"start":{"line":72,"column":12},"end":{"line":72,"column":57}},"24":{"start":{"line":74,"column":12},"end":{"line":74,"column":47}},"25":{"start":{"line":77,"column":10},"end":{"line":77,"column":62}},"26":{"start":{"line":78,"column":10},"end":{"line":78,"column":26}}},"fnMap":{"0":{"name":"(anonymous_0)","decl":{"start":{"line":5,"column":2},"end":{"line":5,"column":3}},"loc":{"start":{"line":5,"column":22},"end":{"line":7,"column":3}},"line":5},"1":{"name":"(anonymous_1)","decl":{"start":{"line":9,"column":2},"end":{"line":9,"column":3}},"loc":{"start":{"line":9,"column":20},"end":{"line":81,"column":3}},"line":9},"2":{"name":"(anonymous_2)","decl":{"start":{"line":19,"column":14},"end":{"line":19,"column":15}},"loc":{"start":{"line":19,"column":33},"end":{"line":48,"column":7}},"line":19},"3":{"name":"(anonymous_3)","decl":{"start":{"line":58,"column":14},"end":{"line":58,"column":15}},"loc":{"start":{"line":58,"column":33},"end":{"line":80,"column":7}},"line":58}},"branchMap":{"0":{"loc":{"start":{"line":23,"column":10},"end":{"line":30,"column":11}},"type":"if","locations":[{"start":{"line":23,"column":10},"end":{"line":30,"column":11}},{"start":{},"end":{}}],"line":23},"1":{"loc":{"start":{"line":25,"column":12},"end":{"line":29,"column":13}},"type":"if","locations":[{"start":{"line":25,"column":12},"end":{"line":29,"column":13}},{"start":{"line":27,"column":19},"end":{"line":29,"column":13}}],"line":25},"2":{"loc":{"start":{"line":32,"column":10},"end":{"line":34,"column":11}},"type":"if","locations":[{"start":{"line":32,"column":10},"end":{"line":34,"column":11}},{"start":{},"end":{}}],"line":32},"3":{"loc":{"start":{"line":66,"column":10},"end":{"line":75,"column":11}},"type":"if","locations":[{"start":{"line":66,"column":10},"end":{"line":75,"column":11}},{"start":{"line":73,"column":17},"end":{"line":75,"column":11}}],"line":66},"4":{"loc":{"start":{"line":68,"column":12},"end":{"line":70,"column":13}},"type":"if","locations":[{"start":{"line":68,"column":12},"end":{"line":70,"column":13}},{"start":{},"end":{}}],"line":68}},"s":{"0":18,"1":19,"2":9,"3":9,"4":9,"5":4,"6":3,"7":2,"8":1,"9":8,"10":2,"11":6,"12":5,"13":4,"14":4,"15":19,"16":6,"17":6,"18":5,"19":3,"20":3,"21":1,"22":3,"23":2,"24":2,"25":2,"26":2},"f":{"0":18,"1":19,"2":9,"3":6},"b":{"0":[4,5],"1":[2,1],"2":[2,6],"3":[3,2],"4":[1,2]},"inputSourceMap":null,"_coverageSchema":"1a1c01bbd47fc00a2c39e90264f33305004495a9","hash":"b58ebf45a4aa8f0c1b17b9dbb1bd08cf021fbf1a"}
,"/Users/Shared/cursor-auto-load/github-api-module/mjs/git/commands/commit.mjs": {"path":"/Users/Shared/cursor-auto-load/github-api-module/mjs/git/commands/commit.mjs","statementMap":{"0":{"start":{"line":5,"column":4},"end":{"line":5,"column":25}},"1":{"start":{"line":9,"column":4},"end":{"line":60,"column":9}},"2":{"start":{"line":25,"column":8},"end":{"line":59,"column":9}},"3":{"start":{"line":26,"column":23},"end":{"line":26,"column":27}},"4":{"start":{"line":27,"column":26},"end":{"line":27,"column":30}},"5":{"start":{"line":29,"column":10},"end":{"line":35,"column":11}},"6":{"start":{"line":30,"column":12},"end":{"line":34,"column":14}},"7":{"start":{"line":37,"column":10},"end":{"line":43,"column":11}},"8":{"start":{"line":38,"column":12},"end":{"line":42,"column":14}},"9":{"start":{"line":45,"column":25},"end":{"line":53,"column":11}},"10":{"start":{"line":55,"column":10},"end":{"line":55,"column":45}},"11":{"start":{"line":57,"column":10},"end":{"line":57,"column":65}},"12":{"start":{"line":58,"column":10},"end":{"line":58,"column":26}},"13":{"start":{"line":62,"column":4},"end":{"line":82,"column":9}},"14":{"start":{"line":70,"column":8},"end":{"line":81,"column":9}},"15":{"start":{"line":71,"column":25},"end":{"line":75,"column":11}},"16":{"start":{"line":77,"column":10},"end":{"line":77,"column":45}},"17":{"start":{"line":79,"column":10},"end":{"line":79,"column":64}},"18":{"start":{"line":80,"column":10},"end":{"line":80,"column":26}}},"fnMap":{"0":{"name":"(anonymous_0)","decl":{"start":{"line":4,"column":2},"end":{"line":4,"column":3}},"loc":{"start":{"line":4,"column":22},"end":{"line":6,"column":3}},"line":4},"1":{"name":"(anonymous_1)","decl":{"start":{"line":8,"column":2},"end":{"line":8,"column":3}},"loc":{"start":{"line":8,"column":20},"end":{"line":83,"column":3}},"line":8},"2":{"name":"(anonymous_2)","decl":{"start":{"line":24,"column":14},"end":{"line":24,"column":15}},"loc":{"start":{"line":24,"column":33},"end":{"line":60,"column":7}},"line":24},"3":{"name":"(anonymous_3)","decl":{"start":{"line":69,"column":14},"end":{"line":69,"column":15}},"loc":{"start":{"line":69,"column":33},"end":{"line":82,"column":7}},"line":69}},"branchMap":{"0":{"loc":{"start":{"line":29,"column":10},"end":{"line":35,"column":11}},"type":"if","locations":[{"start":{"line":29,"column":10},"end":{"line":35,"column":11}},{"start":{},"end":{}}],"line":29},"1":{"loc":{"start":{"line":29,"column":14},"end":{"line":29,"column":55}},"type":"binary-expr","locations":[{"start":{"line":29,"column":14},"end":{"line":29,"column":32}},{"start":{"line":29,"column":36},"end":{"line":29,"column":55}}],"line":29},"2":{"loc":{"start":{"line":33,"column":20},"end":{"line":33,"column":66}},"type":"binary-expr","locations":[{"start":{"line":33,"column":20},"end":{"line":33,"column":38}},{"start":{"line":33,"column":42},"end":{"line":33,"column":66}}],"line":33},"3":{"loc":{"start":{"line":37,"column":10},"end":{"line":43,"column":11}},"type":"if","locations":[{"start":{"line":37,"column":10},"end":{"line":43,"column":11}},{"start":{},"end":{}}],"line":37},"4":{"loc":{"start":{"line":37,"column":14},"end":{"line":37,"column":61}},"type":"binary-expr","locations":[{"start":{"line":37,"column":14},"end":{"line":37,"column":35}},{"start":{"line":37,"column":39},"end":{"line":37,"column":61}}],"line":37},"5":{"loc":{"start":{"line":41,"column":20},"end":{"line":41,"column":69}},"type":"binary-expr","locations":[{"start":{"line":41,"column":20},"end":{"line":41,"column":41}},{"start":{"line":41,"column":45},"end":{"line":41,"column":69}}],"line":41},"6":{"loc":{"start":{"line":50,"column":12},"end":{"line":50,"column":33}},"type":"binary-expr","locations":[{"start":{"line":50,"column":12},"end":{"line":50,"column":27}},{"start":{"line":50,"column":31},"end":{"line":50,"column":33}}],"line":50}},"s":{"0":10,"1":10,"2":6,"3":6,"4":6,"5":6,"6":2,"7":6,"8":1,"9":6,"10":5,"11":1,"12":1,"13":10,"14":3,"15":3,"16":2,"17":1,"18":1},"f":{"0":10,"1":10,"2":6,"3":3},"b":{"0":[2,4],"1":[6,4],"2":[2,1],"3":[1,5],"4":[6,5],"5":[1,0],"6":[6,5]},"inputSourceMap":null,"_coverageSchema":"1a1c01bbd47fc00a2c39e90264f33305004495a9","hash":"34081d5819a249b06774d85eab3777ace47cbedf"}
,"/Users/Shared/cursor-auto-load/github-api-module/mjs/git/commands/ref.mjs": {"path":"/Users/Shared/cursor-auto-load/github-api-module/mjs/git/commands/ref.mjs","statementMap":{"0":{"start":{"line":5,"column":4},"end":{"line":5,"column":25}},"1":{"start":{"line":9,"column":4},"end":{"line":31,"column":9}},"2":{"start":{"line":18,"column":8},"end":{"line":30,"column":9}},"3":{"start":{"line":19,"column":25},"end":{"line":24,"column":11}},"4":{"start":{"line":26,"column":10},"end":{"line":26,"column":45}},"5":{"start":{"line":28,"column":10},"end":{"line":28,"column":68}},"6":{"start":{"line":29,"column":10},"end":{"line":29,"column":26}},"7":{"start":{"line":33,"column":4},"end":{"line":53,"column":9}},"8":{"start":{"line":41,"column":8},"end":{"line":52,"column":9}},"9":{"start":{"line":42,"column":25},"end":{"line":46,"column":11}},"10":{"start":{"line":48,"column":10},"end":{"line":48,"column":45}},"11":{"start":{"line":50,"column":10},"end":{"line":50,"column":67}},"12":{"start":{"line":51,"column":10},"end":{"line":51,"column":26}},"13":{"start":{"line":55,"column":4},"end":{"line":75,"column":9}},"14":{"start":{"line":63,"column":8},"end":{"line":74,"column":9}},"15":{"start":{"line":64,"column":25},"end":{"line":68,"column":11}},"16":{"start":{"line":70,"column":10},"end":{"line":70,"column":45}},"17":{"start":{"line":72,"column":10},"end":{"line":72,"column":68}},"18":{"start":{"line":73,"column":10},"end":{"line":73,"column":26}},"19":{"start":{"line":77,"column":4},"end":{"line":101,"column":9}},"20":{"start":{"line":87,"column":8},"end":{"line":100,"column":9}},"21":{"start":{"line":88,"column":25},"end":{"line":94,"column":11}},"22":{"start":{"line":96,"column":10},"end":{"line":96,"column":45}},"23":{"start":{"line":98,"column":10},"end":{"line":98,"column":68}},"24":{"start":{"line":99,"column":10},"end":{"line":99,"column":26}},"25":{"start":{"line":103,"column":4},"end":{"line":127,"column":9}},"26":{"start":{"line":111,"column":8},"end":{"line":126,"column":9}},"27":{"start":{"line":112,"column":25},"end":{"line":116,"column":11}},"28":{"start":{"line":118,"column":10},"end":{"line":122,"column":11}},"29":{"start":{"line":119,"column":12},"end":{"line":119,"column":57}},"30":{"start":{"line":121,"column":12},"end":{"line":121,"column":58}},"31":{"start":{"line":124,"column":10},"end":{"line":124,"column":68}},"32":{"start":{"line":125,"column":10},"end":{"line":125,"column":26}}},"fnMap":{"0":{"name":"(anonymous_0)","decl":{"start":{"line":4,"column":2},"end":{"line":4,"column":3}},"loc":{"start":{"line":4,"column":22},"end":{"line":6,"column":3}},"line":4},"1":{"name":"(anonymous_1)","decl":{"start":{"line":8,"column":2},"end":{"line":8,"column":3}},"loc":{"start":{"line":8,"column":20},"end":{"line":128,"column":3}},"line":8},"2":{"name":"(anonymous_2)","decl":{"start":{"line":17,"column":14},"end":{"line":17,"column":15}},"loc":{"start":{"line":17,"column":33},"end":{"line":31,"column":7}},"line":17},"3":{"name":"(anonymous_3)","decl":{"start":{"line":40,"column":14},"end":{"line":40,"column":15}},"loc":{"start":{"line":40,"column":33},"end":{"line":53,"column":7}},"line":40},"4":{"name":"(anonymous_4)","decl":{"start":{"line":62,"column":14},"end":{"line":62,"column":15}},"loc":{"start":{"line":62,"column":33},"end":{"line":75,"column":7}},"line":62},"5":{"name":"(anonymous_5)","decl":{"start":{"line":86,"column":14},"end":{"line":86,"column":15}},"loc":{"start":{"line":86,"column":33},"end":{"line":101,"column":7}},"line":86},"6":{"name":"(anonymous_6)","decl":{"start":{"line":110,"column":14},"end":{"line":110,"column":15}},"loc":{"start":{"line":110,"column":33},"end":{"line":127,"column":7}},"line":110}},"branchMap":{"0":{"loc":{"start":{"line":118,"column":10},"end":{"line":122,"column":11}},"type":"if","locations":[{"start":{"line":118,"column":10},"end":{"line":122,"column":11}},{"start":{"line":120,"column":17},"end":{"line":122,"column":11}}],"line":118}},"s":{"0":4,"1":4,"2":2,"3":2,"4":1,"5":1,"6":1,"7":4,"8":2,"9":2,"10":1,"11":1,"12":1,"13":4,"14":0,"15":0,"16":0,"17":0,"18":0,"19":4,"20":0,"21":0,"22":0,"23":0,"24":0,"25":4,"26":0,"27":0,"28":0,"29":0,"30":0,"31":0,"32":0},"f":{"0":4,"1":4,"2":2,"3":2,"4":0,"5":0,"6":0},"b":{"0":[0,0]},"inputSourceMap":null,"_coverageSchema":"1a1c01bbd47fc00a2c39e90264f33305004495a9","hash":"cda3b574582c22ad77e21f99c83d02ce926c7a6d"}
,"/Users/Shared/cursor-auto-load/github-api-module/mjs/git/commands/tag.mjs": {"path":"/Users/Shared/cursor-auto-load/github-api-module/mjs/git/commands/tag.mjs","statementMap":{"0":{"start":{"line":5,"column":4},"end":{"line":5,"column":25}},"1":{"start":{"line":9,"column":4},"end":{"line":49,"column":9}},"2":{"start":{"line":23,"column":8},"end":{"line":48,"column":9}},"3":{"start":{"line":24,"column":23},"end":{"line":24,"column":27}},"4":{"start":{"line":26,"column":10},"end":{"line":32,"column":11}},"5":{"start":{"line":27,"column":12},"end":{"line":31,"column":14}},"6":{"start":{"line":34,"column":25},"end":{"line":42,"column":11}},"7":{"start":{"line":44,"column":10},"end":{"line":44,"column":45}},"8":{"start":{"line":46,"column":10},"end":{"line":46,"column":62}},"9":{"start":{"line":47,"column":10},"end":{"line":47,"column":26}},"10":{"start":{"line":51,"column":4},"end":{"line":71,"column":9}},"11":{"start":{"line":59,"column":8},"end":{"line":70,"column":9}},"12":{"start":{"line":60,"column":25},"end":{"line":64,"column":11}},"13":{"start":{"line":66,"column":10},"end":{"line":66,"column":45}},"14":{"start":{"line":68,"column":10},"end":{"line":68,"column":61}},"15":{"start":{"line":69,"column":10},"end":{"line":69,"column":26}}},"fnMap":{"0":{"name":"(anonymous_0)","decl":{"start":{"line":4,"column":2},"end":{"line":4,"column":3}},"loc":{"start":{"line":4,"column":22},"end":{"line":6,"column":3}},"line":4},"1":{"name":"(anonymous_1)","decl":{"start":{"line":8,"column":2},"end":{"line":8,"column":3}},"loc":{"start":{"line":8,"column":20},"end":{"line":72,"column":3}},"line":8},"2":{"name":"(anonymous_2)","decl":{"start":{"line":22,"column":14},"end":{"line":22,"column":15}},"loc":{"start":{"line":22,"column":33},"end":{"line":49,"column":7}},"line":22},"3":{"name":"(anonymous_3)","decl":{"start":{"line":58,"column":14},"end":{"line":58,"column":15}},"loc":{"start":{"line":58,"column":33},"end":{"line":71,"column":7}},"line":58}},"branchMap":{"0":{"loc":{"start":{"line":26,"column":10},"end":{"line":32,"column":11}},"type":"if","locations":[{"start":{"line":26,"column":10},"end":{"line":32,"column":11}},{"start":{},"end":{}}],"line":26},"1":{"loc":{"start":{"line":26,"column":14},"end":{"line":26,"column":55}},"type":"binary-expr","locations":[{"start":{"line":26,"column":14},"end":{"line":26,"column":32}},{"start":{"line":26,"column":36},"end":{"line":26,"column":55}}],"line":26},"2":{"loc":{"start":{"line":30,"column":20},"end":{"line":30,"column":66}},"type":"binary-expr","locations":[{"start":{"line":30,"column":20},"end":{"line":30,"column":38}},{"start":{"line":30,"column":42},"end":{"line":30,"column":66}}],"line":30}},"s":{"0":5,"1":5,"2":3,"3":3,"4":3,"5":1,"6":3,"7":2,"8":1,"9":1,"10":5,"11":2,"12":2,"13":1,"14":1,"15":1},"f":{"0":5,"1":5,"2":3,"3":2},"b":{"0":[1,2],"1":[3,2],"2":[1,1]},"inputSourceMap":null,"_coverageSchema":"1a1c01bbd47fc00a2c39e90264f33305004495a9","hash":"3d037a3e35b9cca1cffc787d47623c3f8c31f6fe"}
,"/Users/Shared/cursor-auto-load/github-api-module/mjs/git/commands/tree.mjs": {"path":"/Users/Shared/cursor-auto-load/github-api-module/mjs/git/commands/tree.mjs","statementMap":{"0":{"start":{"line":5,"column":4},"end":{"line":5,"column":25}},"1":{"start":{"line":9,"column":4},"end":{"line":38,"column":9}},"2":{"start":{"line":18,"column":8},"end":{"line":37,"column":9}},"3":{"start":{"line":20,"column":10},"end":{"line":24,"column":11}},"4":{"start":{"line":21,"column":12},"end":{"line":21,"column":44}},"5":{"start":{"line":23,"column":12},"end":{"line":23,"column":63}},"6":{"start":{"line":26,"column":25},"end":{"line":31,"column":11}},"7":{"start":{"line":33,"column":10},"end":{"line":33,"column":45}},"8":{"start":{"line":35,"column":10},"end":{"line":35,"column":63}},"9":{"start":{"line":36,"column":10},"end":{"line":36,"column":26}},"10":{"start":{"line":40,"column":4},"end":{"line":71,"column":9}},"11":{"start":{"line":49,"column":8},"end":{"line":70,"column":9}},"12":{"start":{"line":50,"column":25},"end":{"line":55,"column":11}},"13":{"start":{"line":57,"column":10},"end":{"line":66,"column":11}},"14":{"start":{"line":58,"column":12},"end":{"line":58,"column":57}},"15":{"start":{"line":60,"column":12},"end":{"line":60,"column":51}},"16":{"start":{"line":61,"column":12},"end":{"line":61,"column":58}},"17":{"start":{"line":62,"column":12},"end":{"line":62,"column":67}},"18":{"start":{"line":63,"column":12},"end":{"line":65,"column":15}},"19":{"start":{"line":64,"column":14},"end":{"line":64,"column":113}},"20":{"start":{"line":68,"column":10},"end":{"line":68,"column":62}},"21":{"start":{"line":69,"column":10},"end":{"line":69,"column":26}}},"fnMap":{"0":{"name":"(anonymous_0)","decl":{"start":{"line":4,"column":2},"end":{"line":4,"column":3}},"loc":{"start":{"line":4,"column":22},"end":{"line":6,"column":3}},"line":4},"1":{"name":"(anonymous_1)","decl":{"start":{"line":8,"column":2},"end":{"line":8,"column":3}},"loc":{"start":{"line":8,"column":20},"end":{"line":72,"column":3}},"line":8},"2":{"name":"(anonymous_2)","decl":{"start":{"line":17,"column":14},"end":{"line":17,"column":15}},"loc":{"start":{"line":17,"column":33},"end":{"line":38,"column":7}},"line":17},"3":{"name":"(anonymous_3)","decl":{"start":{"line":48,"column":14},"end":{"line":48,"column":15}},"loc":{"start":{"line":48,"column":33},"end":{"line":71,"column":7}},"line":48},"4":{"name":"(anonymous_4)","decl":{"start":{"line":63,"column":32},"end":{"line":63,"column":33}},"loc":{"start":{"line":63,"column":41},"end":{"line":65,"column":13}},"line":63}},"branchMap":{"0":{"loc":{"start":{"line":57,"column":10},"end":{"line":66,"column":11}},"type":"if","locations":[{"start":{"line":57,"column":10},"end":{"line":66,"column":11}},{"start":{"line":59,"column":17},"end":{"line":66,"column":11}}],"line":57}},"s":{"0":7,"1":7,"2":4,"3":4,"4":4,"5":1,"6":3,"7":2,"8":2,"9":2,"10":7,"11":3,"12":3,"13":2,"14":1,"15":1,"16":1,"17":1,"18":1,"19":2,"20":1,"21":1},"f":{"0":7,"1":7,"2":4,"3":3,"4":2},"b":{"0":[1,1]},"inputSourceMap":null,"_coverageSchema":"1a1c01bbd47fc00a2c39e90264f33305004495a9","hash":"540376af5bc66692b7a16fb3f00e4920c335fbb8"}
,"/Users/Shared/cursor-auto-load/github-api-module/mjs/git/lib/client.mjs": {"path":"/Users/Shared/cursor-auto-load/github-api-module/mjs/git/lib/client.mjs","statementMap":{"0":{"start":{"line":5,"column":4},"end":{"line":5,"column":59}},"1":{"start":{"line":6,"column":4},"end":{"line":6,"column":63}},"2":{"start":{"line":8,"column":4},"end":{"line":10,"column":5}},"3":{"start":{"line":9,"column":6},"end":{"line":9,"column":83}},"4":{"start":{"line":14,"column":14},"end":{"line":14,"column":38}},"5":{"start":{"line":16,"column":20},"end":{"line":20,"column":5}},"6":{"start":{"line":22,"column":4},"end":{"line":24,"column":5}},"7":{"start":{"line":23,"column":6},"end":{"line":23,"column":56}},"8":{"start":{"line":26,"column":25},"end":{"line":29,"column":5}},"9":{"start":{"line":31,"column":4},"end":{"line":33,"column":5}},"10":{"start":{"line":32,"column":6},"end":{"line":32,"column":55}},"11":{"start":{"line":35,"column":4},"end":{"line":41,"column":5}},"12":{"start":{"line":36,"column":26},"end":{"line":36,"column":71}},"13":{"start":{"line":37,"column":6},"end":{"line":40,"column":7}},"14":{"start":{"line":38,"column":26},"end":{"line":38,"column":55}},"15":{"start":{"line":39,"column":8},"end":{"line":39,"column":39}},"16":{"start":{"line":43,"column":21},"end":{"line":43,"column":51}},"17":{"start":{"line":45,"column":24},"end":{"line":45,"column":60}},"18":{"start":{"line":46,"column":15},"end":{"line":46,"column":19}},"19":{"start":{"line":48,"column":4},"end":{"line":52,"column":5}},"20":{"start":{"line":49,"column":6},"end":{"line":49,"column":35}},"21":{"start":{"line":50,"column":11},"end":{"line":52,"column":5}},"22":{"start":{"line":51,"column":6},"end":{"line":51,"column":35}},"23":{"start":{"line":54,"column":4},"end":{"line":59,"column":5}},"24":{"start":{"line":55,"column":20},"end":{"line":55,"column":97}},"25":{"start":{"line":56,"column":6},"end":{"line":56,"column":37}},"26":{"start":{"line":57,"column":6},"end":{"line":57,"column":24}},"27":{"start":{"line":58,"column":6},"end":{"line":58,"column":18}},"28":{"start":{"line":61,"column":4},"end":{"line":65,"column":6}},"29":{"start":{"line":70,"column":21},"end":{"line":72,"column":6}},"30":{"start":{"line":73,"column":4},"end":{"line":73,"column":16}},"31":{"start":{"line":77,"column":21},"end":{"line":77,"column":94}},"32":{"start":{"line":78,"column":4},"end":{"line":78,"column":16}},"33":{"start":{"line":83,"column":17},"end":{"line":83,"column":34}},"34":{"start":{"line":85,"column":4},"end":{"line":87,"column":5}},"35":{"start":{"line":86,"column":6},"end":{"line":86,"column":29}},"36":{"start":{"line":89,"column":4},"end":{"line":91,"column":5}},"37":{"start":{"line":90,"column":6},"end":{"line":90,"column":27}},"38":{"start":{"line":93,"column":4},"end":{"line":95,"column":5}},"39":{"start":{"line":94,"column":6},"end":{"line":94,"column":33}},"40":{"start":{"line":97,"column":21},"end":{"line":97,"column":96}},"41":{"start":{"line":98,"column":4},"end":{"line":98,"column":16}},"42":{"start":{"line":102,"column":21},"end":{"line":102,"column":98}},"43":{"start":{"line":103,"column":4},"end":{"line":103,"column":16}},"44":{"start":{"line":108,"column":21},"end":{"line":110,"column":6}},"45":{"start":{"line":111,"column":4},"end":{"line":111,"column":16}},"46":{"start":{"line":115,"column":21},"end":{"line":115,"column":88}},"47":{"start":{"line":116,"column":4},"end":{"line":116,"column":16}},"48":{"start":{"line":120,"column":21},"end":{"line":120,"column":98}},"49":{"start":{"line":121,"column":4},"end":{"line":121,"column":16}},"50":{"start":{"line":125,"column":21},"end":{"line":127,"column":6}},"51":{"start":{"line":128,"column":4},"end":{"line":128,"column":16}},"52":{"start":{"line":132,"column":4},"end":{"line":132,"column":76}},"53":{"start":{"line":133,"column":4},"end":{"line":133,"column":29}},"54":{"start":{"line":138,"column":17},"end":{"line":138,"column":47}},"55":{"start":{"line":140,"column":4},"end":{"line":142,"column":5}},"56":{"start":{"line":141,"column":6},"end":{"line":141,"column":27}},"57":{"start":{"line":144,"column":21},"end":{"line":144,"column":93}},"58":{"start":{"line":145,"column":4},"end":{"line":145,"column":16}},"59":{"start":{"line":149,"column":21},"end":{"line":149,"column":92}},"60":{"start":{"line":150,"column":4},"end":{"line":150,"column":16}},"61":{"start":{"line":155,"column":17},"end":{"line":155,"column":25}},"62":{"start":{"line":157,"column":4},"end":{"line":159,"column":5}},"63":{"start":{"line":158,"column":6},"end":{"line":158,"column":32}},"64":{"start":{"line":161,"column":21},"end":{"line":161,"column":94}},"65":{"start":{"line":162,"column":4},"end":{"line":162,"column":16}},"66":{"start":{"line":166,"column":18},"end":{"line":166,"column":53}},"67":{"start":{"line":167,"column":21},"end":{"line":167,"column":105}},"68":{"start":{"line":168,"column":4},"end":{"line":168,"column":16}}},"fnMap":{"0":{"name":"(anonymous_0)","decl":{"start":{"line":4,"column":2},"end":{"line":4,"column":3}},"loc":{"start":{"line":4,"column":28},"end":{"line":11,"column":3}},"line":4},"1":{"name":"(anonymous_1)","decl":{"start":{"line":13,"column":2},"end":{"line":13,"column":3}},"loc":{"start":{"line":13,"column":44},"end":{"line":66,"column":3}},"line":13},"2":{"name":"(anonymous_2)","decl":{"start":{"line":69,"column":2},"end":{"line":69,"column":3}},"loc":{"start":{"line":69,"column":61},"end":{"line":74,"column":3}},"line":69},"3":{"name":"(anonymous_3)","decl":{"start":{"line":76,"column":2},"end":{"line":76,"column":3}},"loc":{"start":{"line":76,"column":38},"end":{"line":79,"column":3}},"line":76},"4":{"name":"(anonymous_4)","decl":{"start":{"line":82,"column":2},"end":{"line":82,"column":3}},"loc":{"start":{"line":82,"column":96},"end":{"line":99,"column":3}},"line":82},"5":{"name":"(anonymous_5)","decl":{"start":{"line":101,"column":2},"end":{"line":101,"column":3}},"loc":{"start":{"line":101,"column":42},"end":{"line":104,"column":3}},"line":101},"6":{"name":"(anonymous_6)","decl":{"start":{"line":107,"column":2},"end":{"line":107,"column":3}},"loc":{"start":{"line":107,"column":41},"end":{"line":112,"column":3}},"line":107},"7":{"name":"(anonymous_7)","decl":{"start":{"line":114,"column":2},"end":{"line":114,"column":3}},"loc":{"start":{"line":114,"column":33},"end":{"line":117,"column":3}},"line":114},"8":{"name":"(anonymous_8)","decl":{"start":{"line":119,"column":2},"end":{"line":119,"column":3}},"loc":{"start":{"line":119,"column":43},"end":{"line":122,"column":3}},"line":119},"9":{"name":"(anonymous_9)","decl":{"start":{"line":124,"column":2},"end":{"line":124,"column":3}},"loc":{"start":{"line":124,"column":56},"end":{"line":129,"column":3}},"line":124},"10":{"name":"(anonymous_10)","decl":{"start":{"line":131,"column":2},"end":{"line":131,"column":3}},"loc":{"start":{"line":131,"column":36},"end":{"line":134,"column":3}},"line":131},"11":{"name":"(anonymous_11)","decl":{"start":{"line":137,"column":2},"end":{"line":137,"column":3}},"loc":{"start":{"line":137,"column":74},"end":{"line":146,"column":3}},"line":137},"12":{"name":"(anonymous_12)","decl":{"start":{"line":148,"column":2},"end":{"line":148,"column":3}},"loc":{"start":{"line":148,"column":36},"end":{"line":151,"column":3}},"line":148},"13":{"name":"(anonymous_13)","decl":{"start":{"line":154,"column":2},"end":{"line":154,"column":3}},"loc":{"start":{"line":154,"column":55},"end":{"line":163,"column":3}},"line":154},"14":{"name":"(anonymous_14)","decl":{"start":{"line":165,"column":2},"end":{"line":165,"column":3}},"loc":{"start":{"line":165,"column":57},"end":{"line":169,"column":3}},"line":165}},"branchMap":{"0":{"loc":{"start":{"line":4,"column":14},"end":{"line":4,"column":26}},"type":"default-arg","locations":[{"start":{"line":4,"column":24},"end":{"line":4,"column":26}}],"line":4},"1":{"loc":{"start":{"line":5,"column":17},"end":{"line":5,"column":58}},"type":"binary-expr","locations":[{"start":{"line":5,"column":17},"end":{"line":5,"column":30}},{"start":{"line":5,"column":34},"end":{"line":5,"column":58}}],"line":5},"2":{"loc":{"start":{"line":6,"column":19},"end":{"line":6,"column":62}},"type":"binary-expr","locations":[{"start":{"line":6,"column":19},"end":{"line":6,"column":34}},{"start":{"line":6,"column":38},"end":{"line":6,"column":62}}],"line":6},"3":{"loc":{"start":{"line":8,"column":4},"end":{"line":10,"column":5}},"type":"if","locations":[{"start":{"line":8,"column":4},"end":{"line":10,"column":5}},{"start":{},"end":{}}],"line":8},"4":{"loc":{"start":{"line":13,"column":30},"end":{"line":13,"column":42}},"type":"default-arg","locations":[{"start":{"line":13,"column":40},"end":{"line":13,"column":42}}],"line":13},"5":{"loc":{"start":{"line":22,"column":4},"end":{"line":24,"column":5}},"type":"if","locations":[{"start":{"line":22,"column":4},"end":{"line":24,"column":5}},{"start":{},"end":{}}],"line":22},"6":{"loc":{"start":{"line":31,"column":4},"end":{"line":33,"column":5}},"type":"if","locations":[{"start":{"line":31,"column":4},"end":{"line":33,"column":5}},{"start":{},"end":{}}],"line":31},"7":{"loc":{"start":{"line":31,"column":8},"end":{"line":31,"column":61}},"type":"binary-expr","locations":[{"start":{"line":31,"column":8},"end":{"line":31,"column":20}},{"start":{"line":31,"column":24},"end":{"line":31,"column":40}},{"start":{"line":31,"column":44},"end":{"line":31,"column":61}}],"line":31},"8":{"loc":{"start":{"line":35,"column":4},"end":{"line":41,"column":5}},"type":"if","locations":[{"start":{"line":35,"column":4},"end":{"line":41,"column":5}},{"start":{},"end":{}}],"line":35},"9":{"loc":{"start":{"line":37,"column":6},"end":{"line":40,"column":7}},"type":"if","locations":[{"start":{"line":37,"column":6},"end":{"line":40,"column":7}},{"start":{},"end":{}}],"line":37},"10":{"loc":{"start":{"line":38,"column":26},"end":{"line":38,"column":55}},"type":"cond-expr","locations":[{"start":{"line":38,"column":46},"end":{"line":38,"column":49}},{"start":{"line":38,"column":52},"end":{"line":38,"column":55}}],"line":38},"11":{"loc":{"start":{"line":48,"column":4},"end":{"line":52,"column":5}},"type":"if","locations":[{"start":{"line":48,"column":4},"end":{"line":52,"column":5}},{"start":{"line":50,"column":11},"end":{"line":52,"column":5}}],"line":48},"12":{"loc":{"start":{"line":48,"column":8},"end":{"line":48,"column":63}},"type":"binary-expr","locations":[{"start":{"line":48,"column":8},"end":{"line":48,"column":19}},{"start":{"line":48,"column":23},"end":{"line":48,"column":63}}],"line":48},"13":{"loc":{"start":{"line":50,"column":11},"end":{"line":52,"column":5}},"type":"if","locations":[{"start":{"line":50,"column":11},"end":{"line":52,"column":5}},{"start":{},"end":{}}],"line":50},"14":{"loc":{"start":{"line":54,"column":4},"end":{"line":59,"column":5}},"type":"if","locations":[{"start":{"line":54,"column":4},"end":{"line":59,"column":5}},{"start":{},"end":{}}],"line":54},"15":{"loc":{"start":{"line":55,"column":30},"end":{"line":55,"column":96}},"type":"binary-expr","locations":[{"start":{"line":55,"column":30},"end":{"line":55,"column":43}},{"start":{"line":55,"column":47},"end":{"line":55,"column":96}}],"line":55},"16":{"loc":{"start":{"line":69,"column":41},"end":{"line":69,"column":59}},"type":"default-arg","locations":[{"start":{"line":69,"column":52},"end":{"line":69,"column":59}}],"line":69},"17":{"loc":{"start":{"line":82,"column":49},"end":{"line":82,"column":61}},"type":"default-arg","locations":[{"start":{"line":82,"column":59},"end":{"line":82,"column":61}}],"line":82},"18":{"loc":{"start":{"line":82,"column":63},"end":{"line":82,"column":76}},"type":"default-arg","locations":[{"start":{"line":82,"column":72},"end":{"line":82,"column":76}}],"line":82},"19":{"loc":{"start":{"line":82,"column":78},"end":{"line":82,"column":94}},"type":"default-arg","locations":[{"start":{"line":82,"column":90},"end":{"line":82,"column":94}}],"line":82},"20":{"loc":{"start":{"line":85,"column":4},"end":{"line":87,"column":5}},"type":"if","locations":[{"start":{"line":85,"column":4},"end":{"line":87,"column":5}},{"start":{},"end":{}}],"line":85},"21":{"loc":{"start":{"line":89,"column":4},"end":{"line":91,"column":5}},"type":"if","locations":[{"start":{"line":89,"column":4},"end":{"line":91,"column":5}},{"start":{},"end":{}}],"line":89},"22":{"loc":{"start":{"line":93,"column":4},"end":{"line":95,"column":5}},"type":"if","locations":[{"start":{"line":93,"column":4},"end":{"line":95,"column":5}},{"start":{},"end":{}}],"line":93},"23":{"loc":{"start":{"line":124,"column":41},"end":{"line":124,"column":54}},"type":"default-arg","locations":[{"start":{"line":124,"column":49},"end":{"line":124,"column":54}}],"line":124},"24":{"loc":{"start":{"line":137,"column":59},"end":{"line":137,"column":72}},"type":"default-arg","locations":[{"start":{"line":137,"column":68},"end":{"line":137,"column":72}}],"line":137},"25":{"loc":{"start":{"line":140,"column":4},"end":{"line":142,"column":5}},"type":"if","locations":[{"start":{"line":140,"column":4},"end":{"line":142,"column":5}},{"start":{},"end":{}}],"line":140},"26":{"loc":{"start":{"line":154,"column":38},"end":{"line":154,"column":53}},"type":"default-arg","locations":[{"start":{"line":154,"column":49},"end":{"line":154,"column":53}}],"line":154},"27":{"loc":{"start":{"line":157,"column":4},"end":{"line":159,"column":5}},"type":"if","locations":[{"start":{"line":157,"column":4},"end":{"line":159,"column":5}},{"start":{},"end":{}}],"line":157},"28":{"loc":{"start":{"line":165,"column":38},"end":{"line":165,"column":55}},"type":"default-arg","locations":[{"start":{"line":165,"column":50},"end":{"line":165,"column":55}}],"line":165},"29":{"loc":{"start":{"line":166,"column":18},"end":{"line":166,"column":53}},"type":"cond-expr","locations":[{"start":{"line":166,"column":30},"end":{"line":166,"column":48}},{"start":{"line":166,"column":51},"end":{"line":166,"column":53}}],"line":166}},"s":{"0":47,"1":47,"2":47,"3":3,"4":43,"5":43,"6":43,"7":42,"8":43,"9":43,"10":13,"11":43,"12":4,"13":4,"14":3,"15":3,"16":43,"17":42,"18":42,"19":42,"20":39,"21":3,"22":2,"23":42,"24":5,"25":5,"26":5,"27":5,"28":37,"29":2,"30":2,"31":8,"32":5,"33":3,"34":3,"35":1,"36":3,"37":1,"38":3,"39":1,"40":3,"41":3,"42":1,"43":1,"44":1,"45":1,"46":1,"47":1,"48":1,"49":1,"50":2,"51":2,"52":1,"53":1,"54":2,"55":2,"56":1,"57":2,"58":2,"59":1,"60":1,"61":2,"62":2,"63":1,"64":2,"65":2,"66":2,"67":2,"68":2},"f":{"0":47,"1":43,"2":2,"3":8,"4":3,"5":1,"6":1,"7":1,"8":1,"9":2,"10":1,"11":2,"12":1,"13":2,"14":2},"b":{"0":[3],"1":[47,4],"2":[47,46],"3":[3,44],"4":[24],"5":[42,1],"6":[13,30],"7":[43,14,13],"8":[4,39],"9":[3,1],"10":[1,2],"11":[39,3],"12":[42,41],"13":[2,1],"14":[5,37],"15":[5,1],"16":[1],"17":[1],"18":[2],"19":[2],"20":[1,2],"21":[1,2],"22":[1,2],"23":[1],"24":[1],"25":[1,1],"26":[1],"27":[1,1],"28":[1],"29":[1,1]},"inputSourceMap":null,"_coverageSchema":"1a1c01bbd47fc00a2c39e90264f33305004495a9","hash":"dadc85b131ceed174710109f00a65e32408ba94b"}
,"/Users/Shared/cursor-auto-load/github-api-module/mjs/git/utils/format.mjs": {"path":"/Users/Shared/cursor-auto-load/github-api-module/mjs/git/utils/format.mjs","statementMap":{"0":{"start":{"line":2,"column":2},"end":{"line":79,"column":3}},"1":{"start":{"line":3,"column":4},"end":{"line":3,"column":47}},"2":{"start":{"line":4,"column":9},"end":{"line":79,"column":3}},"3":{"start":{"line":6,"column":4},"end":{"line":8,"column":5}},"4":{"start":{"line":7,"column":6},"end":{"line":7,"column":38}},"5":{"start":{"line":10,"column":4},"end":{"line":12,"column":5}},"6":{"start":{"line":11,"column":6},"end":{"line":11,"column":38}},"7":{"start":{"line":14,"column":4},"end":{"line":16,"column":5}},"8":{"start":{"line":15,"column":6},"end":{"line":15,"column":38}},"9":{"start":{"line":18,"column":4},"end":{"line":20,"column":5}},"10":{"start":{"line":19,"column":6},"end":{"line":19,"column":38}},"11":{"start":{"line":22,"column":4},"end":{"line":24,"column":5}},"12":{"start":{"line":23,"column":6},"end":{"line":23,"column":46}},"13":{"start":{"line":26,"column":4},"end":{"line":31,"column":5}},"14":{"start":{"line":27,"column":6},"end":{"line":27,"column":31}},"15":{"start":{"line":28,"column":6},"end":{"line":28,"column":49}},"16":{"start":{"line":29,"column":6},"end":{"line":29,"column":51}},"17":{"start":{"line":30,"column":6},"end":{"line":30,"column":49}},"18":{"start":{"line":33,"column":4},"end":{"line":38,"column":5}},"19":{"start":{"line":34,"column":6},"end":{"line":34,"column":34}},"20":{"start":{"line":35,"column":6},"end":{"line":35,"column":52}},"21":{"start":{"line":36,"column":6},"end":{"line":36,"column":54}},"22":{"start":{"line":37,"column":6},"end":{"line":37,"column":52}},"23":{"start":{"line":40,"column":4},"end":{"line":45,"column":5}},"24":{"start":{"line":41,"column":6},"end":{"line":41,"column":31}},"25":{"start":{"line":42,"column":6},"end":{"line":42,"column":49}},"26":{"start":{"line":43,"column":6},"end":{"line":43,"column":51}},"27":{"start":{"line":44,"column":6},"end":{"line":44,"column":49}},"28":{"start":{"line":47,"column":4},"end":{"line":51,"column":5}},"29":{"start":{"line":48,"column":6},"end":{"line":48,"column":31}},"30":{"start":{"line":49,"column":6},"end":{"line":49,"column":49}},"31":{"start":{"line":50,"column":6},"end":{"line":50,"column":47}},"32":{"start":{"line":53,"column":4},"end":{"line":59,"column":5}},"33":{"start":{"line":54,"column":6},"end":{"line":58,"column":7}},"34":{"start":{"line":55,"column":8},"end":{"line":55,"column":50}},"35":{"start":{"line":56,"column":13},"end":{"line":58,"column":7}},"36":{"start":{"line":57,"column":8},"end":{"line":57,"column":57}},"37":{"start":{"line":61,"column":4},"end":{"line":63,"column":5}},"38":{"start":{"line":62,"column":6},"end":{"line":62,"column":73}},"39":{"start":{"line":62,"column":52},"end":{"line":62,"column":57}},"40":{"start":{"line":65,"column":4},"end":{"line":69,"column":5}},"41":{"start":{"line":66,"column":6},"end":{"line":66,"column":37}},"42":{"start":{"line":67,"column":6},"end":{"line":67,"column":63}},"43":{"start":{"line":68,"column":6},"end":{"line":68,"column":59}},"44":{"start":{"line":71,"column":4},"end":{"line":78,"column":5}},"45":{"start":{"line":72,"column":6},"end":{"line":72,"column":51}},"46":{"start":{"line":73,"column":6},"end":{"line":77,"column":7}},"47":{"start":{"line":74,"column":8},"end":{"line":74,"column":60}},"48":{"start":{"line":76,"column":8},"end":{"line":76,"column":34}}},"fnMap":{"0":{"name":"formatOutput","decl":{"start":{"line":1,"column":16},"end":{"line":1,"column":28}},"loc":{"start":{"line":1,"column":51},"end":{"line":80,"column":1}},"line":1},"1":{"name":"(anonymous_1)","decl":{"start":{"line":62,"column":47},"end":{"line":62,"column":48}},"loc":{"start":{"line":62,"column":52},"end":{"line":62,"column":57}},"line":62}},"branchMap":{"0":{"loc":{"start":{"line":1,"column":35},"end":{"line":1,"column":49}},"type":"default-arg","locations":[{"start":{"line":1,"column":44},"end":{"line":1,"column":49}}],"line":1},"1":{"loc":{"start":{"line":2,"column":2},"end":{"line":79,"column":3}},"type":"if","locations":[{"start":{"line":2,"column":2},"end":{"line":79,"column":3}},{"start":{"line":4,"column":9},"end":{"line":79,"column":3}}],"line":2},"2":{"loc":{"start":{"line":4,"column":9},"end":{"line":79,"column":3}},"type":"if","locations":[{"start":{"line":4,"column":9},"end":{"line":79,"column":3}},{"start":{},"end":{}}],"line":4},"3":{"loc":{"start":{"line":6,"column":4},"end":{"line":8,"column":5}},"type":"if","locations":[{"start":{"line":6,"column":4},"end":{"line":8,"column":5}},{"start":{},"end":{}}],"line":6},"4":{"loc":{"start":{"line":10,"column":4},"end":{"line":12,"column":5}},"type":"if","locations":[{"start":{"line":10,"column":4},"end":{"line":12,"column":5}},{"start":{},"end":{}}],"line":10},"5":{"loc":{"start":{"line":14,"column":4},"end":{"line":16,"column":5}},"type":"if","locations":[{"start":{"line":14,"column":4},"end":{"line":16,"column":5}},{"start":{},"end":{}}],"line":14},"6":{"loc":{"start":{"line":18,"column":4},"end":{"line":20,"column":5}},"type":"if","locations":[{"start":{"line":18,"column":4},"end":{"line":20,"column":5}},{"start":{},"end":{}}],"line":18},"7":{"loc":{"start":{"line":22,"column":4},"end":{"line":24,"column":5}},"type":"if","locations":[{"start":{"line":22,"column":4},"end":{"line":24,"column":5}},{"start":{},"end":{}}],"line":22},"8":{"loc":{"start":{"line":26,"column":4},"end":{"line":31,"column":5}},"type":"if","locations":[{"start":{"line":26,"column":4},"end":{"line":31,"column":5}},{"start":{},"end":{}}],"line":26},"9":{"loc":{"start":{"line":33,"column":4},"end":{"line":38,"column":5}},"type":"if","locations":[{"start":{"line":33,"column":4},"end":{"line":38,"column":5}},{"start":{},"end":{}}],"line":33},"10":{"loc":{"start":{"line":40,"column":4},"end":{"line":45,"column":5}},"type":"if","locations":[{"start":{"line":40,"column":4},"end":{"line":45,"column":5}},{"start":{},"end":{}}],"line":40},"11":{"loc":{"start":{"line":47,"column":4},"end":{"line":51,"column":5}},"type":"if","locations":[{"start":{"line":47,"column":4},"end":{"line":51,"column":5}},{"start":{},"end":{}}],"line":47},"12":{"loc":{"start":{"line":53,"column":4},"end":{"line":59,"column":5}},"type":"if","locations":[{"start":{"line":53,"column":4},"end":{"line":59,"column":5}},{"start":{},"end":{}}],"line":53},"13":{"loc":{"start":{"line":54,"column":6},"end":{"line":58,"column":7}},"type":"if","locations":[{"start":{"line":54,"column":6},"end":{"line":58,"column":7}},{"start":{"line":56,"column":13},"end":{"line":58,"column":7}}],"line":54},"14":{"loc":{"start":{"line":56,"column":13},"end":{"line":58,"column":7}},"type":"if","locations":[{"start":{"line":56,"column":13},"end":{"line":58,"column":7}},{"start":{},"end":{}}],"line":56},"15":{"loc":{"start":{"line":61,"column":4},"end":{"line":63,"column":5}},"type":"if","locations":[{"start":{"line":61,"column":4},"end":{"line":63,"column":5}},{"start":{},"end":{}}],"line":61},"16":{"loc":{"start":{"line":61,"column":8},"end":{"line":61,"column":51}},"type":"binary-expr","locations":[{"start":{"line":61,"column":8},"end":{"line":61,"column":20}},{"start":{"line":61,"column":24},"end":{"line":61,"column":51}}],"line":61},"17":{"loc":{"start":{"line":65,"column":4},"end":{"line":69,"column":5}},"type":"if","locations":[{"start":{"line":65,"column":4},"end":{"line":69,"column":5}},{"start":{},"end":{}}],"line":65},"18":{"loc":{"start":{"line":71,"column":4},"end":{"line":78,"column":5}},"type":"if","locations":[{"start":{"line":71,"column":4},"end":{"line":78,"column":5}},{"start":{},"end":{}}],"line":71},"19":{"loc":{"start":{"line":71,"column":8},"end":{"line":71,"column":51}},"type":"binary-expr","locations":[{"start":{"line":71,"column":8},"end":{"line":71,"column":34}},{"start":{"line":71,"column":38},"end":{"line":71,"column":51}}],"line":71},"20":{"loc":{"start":{"line":73,"column":6},"end":{"line":77,"column":7}},"type":"if","locations":[{"start":{"line":73,"column":6},"end":{"line":77,"column":7}},{"start":{"line":75,"column":13},"end":{"line":77,"column":7}}],"line":73}},"s":{"0":25,"1":4,"2":21,"3":20,"4":2,"5":20,"6":1,"7":20,"8":1,"9":20,"10":1,"11":20,"12":3,"13":20,"14":2,"15":2,"16":2,"17":2,"18":20,"19":1,"20":1,"21":1,"22":1,"23":20,"24":1,"25":1,"26":1,"27":1,"28":20,"29":1,"30":1,"31":1,"32":20,"33":2,"34":1,"35":1,"36":1,"37":20,"38":1,"39":2,"40":20,"41":1,"42":1,"43":1,"44":20,"45":2,"46":2,"47":1,"48":1},"f":{"0":25,"1":2},"b":{"0":[21],"1":[4,21],"2":[20,1],"3":[2,18],"4":[1,19],"5":[1,19],"6":[1,19],"7":[3,17],"8":[2,18],"9":[1,19],"10":[1,19],"11":[1,19],"12":[2,18],"13":[1,1],"14":[1,0],"15":[1,19],"16":[20,1],"17":[1,19],"18":[2,18],"19":[20,2],"20":[1,1]},"inputSourceMap":null,"_coverageSchema":"1a1c01bbd47fc00a2c39e90264f33305004495a9","hash":"c79804a6b80797236cac34a004c4d0c216a4ed62"}
}
