TN:
SF:cli.mjs
FNF:0
FNH:0
DA:12,8
DA:14,8
DA:19,8
DA:27,8
DA:28,8
DA:31,8
DA:32,8
DA:35,8
DA:36,8
DA:39,8
DA:40,8
DA:43,8
DA:44,8
DA:46,8
LF:14
LH:14
BRDA:16,0,0,8
BRDA:16,0,1,7
BRF:2
BRH:2
end_of_record
TN:
SF:index.mjs
FNF:0
FNH:0
LF:0
LH:0
BRF:0
BRH:0
end_of_record
TN:
SF:commands/blob.mjs
FN:5,(anonymous_0)
FN:9,(anonymous_1)
FN:19,(anonymous_2)
FN:58,(anonymous_3)
FNF:4
FNH:4
FNDA:18,(anonymous_0)
FNDA:19,(anonymous_1)
FNDA:9,(anonymous_2)
FNDA:6,(anonymous_3)
DA:6,18
DA:10,19
DA:20,9
DA:21,9
DA:23,9
DA:24,4
DA:25,3
DA:26,2
DA:28,1
DA:32,8
DA:33,2
DA:36,6
DA:43,5
DA:45,4
DA:46,4
DA:50,19
DA:59,6
DA:60,6
DA:66,5
DA:67,3
DA:68,3
DA:69,1
DA:71,3
DA:72,2
DA:74,2
DA:77,2
DA:78,2
LF:27
LH:27
BRDA:23,0,0,4
BRDA:23,0,1,5
BRDA:25,1,0,2
BRDA:25,1,1,1
BRDA:32,2,0,2
BRDA:32,2,1,6
BRDA:66,3,0,3
BRDA:66,3,1,2
BRDA:68,4,0,1
BRDA:68,4,1,2
BRF:10
BRH:10
end_of_record
TN:
SF:commands/commit.mjs
FN:4,(anonymous_0)
FN:8,(anonymous_1)
FN:24,(anonymous_2)
FN:69,(anonymous_3)
FNF:4
FNH:4
FNDA:10,(anonymous_0)
FNDA:10,(anonymous_1)
FNDA:6,(anonymous_2)
FNDA:3,(anonymous_3)
DA:5,10
DA:9,10
DA:25,6
DA:26,6
DA:27,6
DA:29,6
DA:30,2
DA:37,6
DA:38,1
DA:45,6
DA:55,5
DA:57,1
DA:58,1
DA:62,10
DA:70,3
DA:71,3
DA:77,2
DA:79,1
DA:80,1
LF:19
LH:19
BRDA:29,0,0,2
BRDA:29,0,1,4
BRDA:29,1,0,6
BRDA:29,1,1,4
BRDA:33,2,0,2
BRDA:33,2,1,1
BRDA:37,3,0,1
BRDA:37,3,1,5
BRDA:37,4,0,6
BRDA:37,4,1,5
BRDA:41,5,0,1
BRDA:41,5,1,0
BRDA:50,6,0,6
BRDA:50,6,1,5
BRF:14
BRH:13
end_of_record
TN:
SF:commands/ref.mjs
FN:4,(anonymous_0)
FN:8,(anonymous_1)
FN:17,(anonymous_2)
FN:40,(anonymous_3)
FN:62,(anonymous_4)
FN:86,(anonymous_5)
FN:110,(anonymous_6)
FNF:7
FNH:4
FNDA:4,(anonymous_0)
FNDA:4,(anonymous_1)
FNDA:2,(anonymous_2)
FNDA:2,(anonymous_3)
FNDA:0,(anonymous_4)
FNDA:0,(anonymous_5)
FNDA:0,(anonymous_6)
DA:5,4
DA:9,4
DA:18,2
DA:19,2
DA:26,1
DA:28,1
DA:29,1
DA:33,4
DA:41,2
DA:42,2
DA:48,1
DA:50,1
DA:51,1
DA:55,4
DA:63,0
DA:64,0
DA:70,0
DA:72,0
DA:73,0
DA:77,4
DA:87,0
DA:88,0
DA:96,0
DA:98,0
DA:99,0
DA:103,4
DA:111,0
DA:112,0
DA:118,0
DA:119,0
DA:121,0
DA:124,0
DA:125,0
LF:33
LH:16
BRDA:118,0,0,0
BRDA:118,0,1,0
BRF:2
BRH:0
end_of_record
TN:
SF:commands/tag.mjs
FN:4,(anonymous_0)
FN:8,(anonymous_1)
FN:22,(anonymous_2)
FN:58,(anonymous_3)
FNF:4
FNH:4
FNDA:5,(anonymous_0)
FNDA:5,(anonymous_1)
FNDA:3,(anonymous_2)
FNDA:2,(anonymous_3)
DA:5,5
DA:9,5
DA:23,3
DA:24,3
DA:26,3
DA:27,1
DA:34,3
DA:44,2
DA:46,1
DA:47,1
DA:51,5
DA:59,2
DA:60,2
DA:66,1
DA:68,1
DA:69,1
LF:16
LH:16
BRDA:26,0,0,1
BRDA:26,0,1,2
BRDA:26,1,0,3
BRDA:26,1,1,2
BRDA:30,2,0,1
BRDA:30,2,1,1
BRF:6
BRH:6
end_of_record
TN:
SF:commands/tree.mjs
FN:4,(anonymous_0)
FN:8,(anonymous_1)
FN:17,(anonymous_2)
FN:48,(anonymous_3)
FN:63,(anonymous_4)
FNF:5
FNH:5
FNDA:7,(anonymous_0)
FNDA:7,(anonymous_1)
FNDA:4,(anonymous_2)
FNDA:3,(anonymous_3)
FNDA:2,(anonymous_4)
DA:5,7
DA:9,7
DA:18,4
DA:20,4
DA:21,4
DA:23,1
DA:26,3
DA:33,2
DA:35,2
DA:36,2
DA:40,7
DA:49,3
DA:50,3
DA:57,2
DA:58,1
DA:60,1
DA:61,1
DA:62,1
DA:63,1
DA:64,2
DA:68,1
DA:69,1
LF:22
LH:22
BRDA:57,0,0,1
BRDA:57,0,1,1
BRF:2
BRH:2
end_of_record
TN:
SF:lib/client.mjs
FN:4,(anonymous_0)
FN:13,(anonymous_1)
FN:69,(anonymous_2)
FN:76,(anonymous_3)
FN:82,(anonymous_4)
FN:101,(anonymous_5)
FN:107,(anonymous_6)
FN:114,(anonymous_7)
FN:119,(anonymous_8)
FN:124,(anonymous_9)
FN:131,(anonymous_10)
FN:137,(anonymous_11)
FN:148,(anonymous_12)
FN:154,(anonymous_13)
FN:165,(anonymous_14)
FNF:15
FNH:15
FNDA:47,(anonymous_0)
FNDA:43,(anonymous_1)
FNDA:2,(anonymous_2)
FNDA:8,(anonymous_3)
FNDA:3,(anonymous_4)
FNDA:1,(anonymous_5)
FNDA:1,(anonymous_6)
FNDA:1,(anonymous_7)
FNDA:1,(anonymous_8)
FNDA:2,(anonymous_9)
FNDA:1,(anonymous_10)
FNDA:2,(anonymous_11)
FNDA:1,(anonymous_12)
FNDA:2,(anonymous_13)
FNDA:2,(anonymous_14)
DA:5,47
DA:6,47
DA:8,47
DA:9,3
DA:14,43
DA:16,43
DA:22,43
DA:23,42
DA:26,43
DA:31,43
DA:32,13
DA:35,43
DA:36,4
DA:37,4
DA:38,3
DA:39,3
DA:43,43
DA:45,42
DA:46,42
DA:48,42
DA:49,39
DA:50,3
DA:51,2
DA:54,42
DA:55,5
DA:56,5
DA:57,5
DA:58,5
DA:61,37
DA:70,2
DA:73,2
DA:77,8
DA:78,5
DA:83,3
DA:85,3
DA:86,1
DA:89,3
DA:90,1
DA:93,3
DA:94,1
DA:97,3
DA:98,3
DA:102,1
DA:103,1
DA:108,1
DA:111,1
DA:115,1
DA:116,1
DA:120,1
DA:121,1
DA:125,2
DA:128,2
DA:132,1
DA:133,1
DA:138,2
DA:140,2
DA:141,1
DA:144,2
DA:145,2
DA:149,1
DA:150,1
DA:155,2
DA:157,2
DA:158,1
DA:161,2
DA:162,2
DA:166,2
DA:167,2
DA:168,2
LF:69
LH:69
BRDA:4,0,0,3
BRDA:5,1,0,47
BRDA:5,1,1,4
BRDA:6,2,0,47
BRDA:6,2,1,46
BRDA:8,3,0,3
BRDA:8,3,1,44
BRDA:13,4,0,24
BRDA:22,5,0,42
BRDA:22,5,1,1
BRDA:31,6,0,13
BRDA:31,6,1,30
BRDA:31,7,0,43
BRDA:31,7,1,14
BRDA:31,7,2,13
BRDA:35,8,0,4
BRDA:35,8,1,39
BRDA:37,9,0,3
BRDA:37,9,1,1
BRDA:38,10,0,1
BRDA:38,10,1,2
BRDA:48,11,0,39
BRDA:48,11,1,3
BRDA:48,12,0,42
BRDA:48,12,1,41
BRDA:50,13,0,2
BRDA:50,13,1,1
BRDA:54,14,0,5
BRDA:54,14,1,37
BRDA:55,15,0,5
BRDA:55,15,1,1
BRDA:69,16,0,1
BRDA:82,17,0,1
BRDA:82,18,0,2
BRDA:82,19,0,2
BRDA:85,20,0,1
BRDA:85,20,1,2
BRDA:89,21,0,1
BRDA:89,21,1,2
BRDA:93,22,0,1
BRDA:93,22,1,2
BRDA:124,23,0,1
BRDA:137,24,0,1
BRDA:140,25,0,1
BRDA:140,25,1,1
BRDA:154,26,0,1
BRDA:157,27,0,1
BRDA:157,27,1,1
BRDA:165,28,0,1
BRDA:166,29,0,1
BRDA:166,29,1,1
BRF:51
BRH:51
end_of_record
TN:
SF:utils/format.mjs
FN:1,formatOutput
FN:62,(anonymous_1)
FNF:2
FNH:2
FNDA:25,formatOutput
FNDA:2,(anonymous_1)
DA:2,25
DA:3,4
DA:4,21
DA:6,20
DA:7,2
DA:10,20
DA:11,1
DA:14,20
DA:15,1
DA:18,20
DA:19,1
DA:22,20
DA:23,3
DA:26,20
DA:27,2
DA:28,2
DA:29,2
DA:30,2
DA:33,20
DA:34,1
DA:35,1
DA:36,1
DA:37,1
DA:40,20
DA:41,1
DA:42,1
DA:43,1
DA:44,1
DA:47,20
DA:48,1
DA:49,1
DA:50,1
DA:53,20
DA:54,2
DA:55,1
DA:56,1
DA:57,1
DA:61,20
DA:62,2
DA:65,20
DA:66,1
DA:67,1
DA:68,1
DA:71,20
DA:72,2
DA:73,2
DA:74,1
DA:76,1
LF:48
LH:48
BRDA:1,0,0,21
BRDA:2,1,0,4
BRDA:2,1,1,21
BRDA:4,2,0,20
BRDA:4,2,1,1
BRDA:6,3,0,2
BRDA:6,3,1,18
BRDA:10,4,0,1
BRDA:10,4,1,19
BRDA:14,5,0,1
BRDA:14,5,1,19
BRDA:18,6,0,1
BRDA:18,6,1,19
BRDA:22,7,0,3
BRDA:22,7,1,17
BRDA:26,8,0,2
BRDA:26,8,1,18
BRDA:33,9,0,1
BRDA:33,9,1,19
BRDA:40,10,0,1
BRDA:40,10,1,19
BRDA:47,11,0,1
BRDA:47,11,1,19
BRDA:53,12,0,2
BRDA:53,12,1,18
BRDA:54,13,0,1
BRDA:54,13,1,1
BRDA:56,14,0,1
BRDA:56,14,1,0
BRDA:61,15,0,1
BRDA:61,15,1,19
BRDA:61,16,0,20
BRDA:61,16,1,1
BRDA:65,17,0,1
BRDA:65,17,1,19
BRDA:71,18,0,2
BRDA:71,18,1,18
BRDA:71,19,0,20
BRDA:71,19,1,2
BRDA:73,20,0,1
BRDA:73,20,1,1
BRF:41
BRH:40
end_of_record
